TN:
SF:src/functions/import/handler.ts
FN:11,importProductsFile
FNF:1
FNH:1
FNDA:2,importProductsFile
DA:1,1
DA:2,1
DA:3,1
DA:4,1
DA:5,1
DA:6,1
DA:7,1
DA:8,1
DA:9,1
DA:10,1
DA:11,1
DA:12,2
DA:13,2
DA:14,2
DA:15,2
DA:16,2
DA:17,2
DA:18,2
DA:19,2
DA:20,1
DA:21,1
DA:22,1
DA:23,1
DA:24,2
DA:25,2
DA:26,2
DA:27,1
DA:28,1
LF:28
LH:28
BRDA:11,0,0,2
BRDA:20,1,0,1
BRF:2
BRH:2
end_of_record
TN:
SF:src/libs/apiGateway.ts
FN:7,formatJSONResponse
FNF:1
FNH:1
FNDA:2,formatJSONResponse
DA:1,1
DA:2,1
DA:3,1
DA:4,1
DA:5,1
DA:6,1
DA:7,1
DA:8,2
DA:9,2
DA:10,2
DA:11,2
DA:12,2
DA:13,2
DA:14,2
DA:15,2
DA:16,2
DA:17,2
DA:18,2
LF:18
LH:18
BRDA:7,0,0,2
BRF:1
BRH:1
end_of_record
TN:
SF:src/libs/lambda.ts
FN:4,middyfy
FNF:1
FNH:1
FNDA:1,middyfy
DA:1,1
DA:2,1
DA:3,1
DA:4,1
DA:5,1
DA:6,1
LF:6
LH:6
BRDA:4,0,0,1
BRF:1
BRH:1
end_of_record
